[2024-11-04T12:31:40.703+0000] {local_task_job_runner.py:123} INFO - ::group::Pre task execution logs
[2024-11-04T12:31:40.746+0000] {taskinstance.py:2612} INFO - Dependencies all met for dep_context=non-requeueable deps ti=<TaskInstance: sparkinflow.start scheduled__2024-11-03T00:00:00+00:00 [queued]>
[2024-11-04T12:31:40.770+0000] {taskinstance.py:2612} INFO - Dependencies all met for dep_context=requeueable deps ti=<TaskInstance: sparkinflow.start scheduled__2024-11-03T00:00:00+00:00 [queued]>
[2024-11-04T12:31:40.770+0000] {taskinstance.py:2865} INFO - Starting attempt 1 of 1
[2024-11-04T12:31:40.808+0000] {taskinstance.py:2888} INFO - Executing <Task(PythonOperator): start> on 2024-11-03 00:00:00+00:00
[2024-11-04T12:31:40.816+0000] {standard_task_runner.py:72} INFO - Started process 249 to run task
[2024-11-04T12:31:40.857+0000] {standard_task_runner.py:104} INFO - Running: ['***', 'tasks', 'run', 'sparkinflow', 'start', 'scheduled__2024-11-03T00:00:00+00:00', '--job-id', '2', '--raw', '--subdir', 'DAGS_FOLDER/spark_***.py', '--cfg-path', '/tmp/tmpfxxnfzy3']
[2024-11-04T12:31:40.861+0000] {standard_task_runner.py:105} INFO - Job 2: Subtask start
[2024-11-04T12:31:41.029+0000] {task_command.py:467} INFO - Running <TaskInstance: sparkinflow.start scheduled__2024-11-03T00:00:00+00:00 [running]> on host ae2b6f130271
[2024-11-04T12:31:41.308+0000] {taskinstance.py:3131} INFO - Exporting env vars: AIRFLOW_CTX_DAG_OWNER='anass mouozun' AIRFLOW_CTX_DAG_ID='sparkinflow' AIRFLOW_CTX_TASK_ID='start' AIRFLOW_CTX_EXECUTION_DATE='2024-11-03T00:00:00+00:00' AIRFLOW_CTX_TRY_NUMBER='1' AIRFLOW_CTX_DAG_RUN_ID='scheduled__2024-11-03T00:00:00+00:00'
[2024-11-04T12:31:41.310+0000] {taskinstance.py:731} INFO - ::endgroup::
[2024-11-04T12:31:41.402+0000] {logging_mixin.py:190} INFO - Job started
[2024-11-04T12:31:41.403+0000] {python.py:240} INFO - Done. Returned value was: None
[2024-11-04T12:31:41.430+0000] {taskinstance.py:340} INFO - ::group::Post task execution logs
[2024-11-04T12:31:41.430+0000] {taskinstance.py:352} INFO - Marking task as SUCCESS. dag_id=sparkinflow, task_id=start, run_id=scheduled__2024-11-03T00:00:00+00:00, execution_date=20241103T000000, start_date=20241104T123140, end_date=20241104T123141
[2024-11-04T12:31:41.467+0000] {local_task_job_runner.py:266} INFO - Task exited with return code 0
[2024-11-04T12:31:41.511+0000] {taskinstance.py:3900} INFO - 1 downstream tasks scheduled from follow-on schedule check
[2024-11-04T12:31:41.514+0000] {local_task_job_runner.py:245} INFO - ::endgroup::
[2024-11-04T13:03:37.179+0000] {local_task_job_runner.py:123} INFO - ::group::Pre task execution logs
[2024-11-04T13:03:37.215+0000] {taskinstance.py:2612} INFO - Dependencies all met for dep_context=non-requeueable deps ti=<TaskInstance: sparkinflow.start scheduled__2024-11-03T00:00:00+00:00 [queued]>
[2024-11-04T13:03:37.232+0000] {taskinstance.py:2612} INFO - Dependencies all met for dep_context=requeueable deps ti=<TaskInstance: sparkinflow.start scheduled__2024-11-03T00:00:00+00:00 [queued]>
[2024-11-04T13:03:37.232+0000] {taskinstance.py:2865} INFO - Starting attempt 1 of 1
[2024-11-04T13:03:37.249+0000] {taskinstance.py:2888} INFO - Executing <Task(PythonOperator): start> on 2024-11-03 00:00:00+00:00
[2024-11-04T13:03:37.257+0000] {standard_task_runner.py:72} INFO - Started process 245 to run task
[2024-11-04T13:03:37.261+0000] {standard_task_runner.py:104} INFO - Running: ['***', 'tasks', 'run', 'sparkinflow', 'start', 'scheduled__2024-11-03T00:00:00+00:00', '--job-id', '3', '--raw', '--subdir', 'DAGS_FOLDER/spark_***.py', '--cfg-path', '/tmp/tmpiox6r4r_']
[2024-11-04T13:03:37.264+0000] {standard_task_runner.py:105} INFO - Job 3: Subtask start
[2024-11-04T13:03:37.344+0000] {task_command.py:467} INFO - Running <TaskInstance: sparkinflow.start scheduled__2024-11-03T00:00:00+00:00 [running]> on host 16c543cae65b
[2024-11-04T13:03:37.471+0000] {taskinstance.py:3131} INFO - Exporting env vars: AIRFLOW_CTX_DAG_OWNER='anass mouozun' AIRFLOW_CTX_DAG_ID='sparkinflow' AIRFLOW_CTX_TASK_ID='start' AIRFLOW_CTX_EXECUTION_DATE='2024-11-03T00:00:00+00:00' AIRFLOW_CTX_TRY_NUMBER='1' AIRFLOW_CTX_DAG_RUN_ID='scheduled__2024-11-03T00:00:00+00:00'
[2024-11-04T13:03:37.472+0000] {taskinstance.py:731} INFO - ::endgroup::
[2024-11-04T13:03:37.517+0000] {logging_mixin.py:190} INFO - Job started
[2024-11-04T13:03:37.518+0000] {python.py:240} INFO - Done. Returned value was: None
[2024-11-04T13:03:37.531+0000] {taskinstance.py:340} INFO - ::group::Post task execution logs
[2024-11-04T13:03:37.532+0000] {taskinstance.py:352} INFO - Marking task as SUCCESS. dag_id=sparkinflow, task_id=start, run_id=scheduled__2024-11-03T00:00:00+00:00, execution_date=20241103T000000, start_date=20241104T130337, end_date=20241104T130337
[2024-11-04T13:03:37.558+0000] {local_task_job_runner.py:266} INFO - Task exited with return code 0
[2024-11-04T13:03:37.594+0000] {taskinstance.py:3900} INFO - 1 downstream tasks scheduled from follow-on schedule check
[2024-11-04T13:03:37.597+0000] {local_task_job_runner.py:245} INFO - ::endgroup::
